<?xml version="1.0" encoding="utf-8" ?>
<!DOCTYPE html PUBLIC "-//W3C//DTD XHTML 1.0 Strict//EN"
        "http://www.w3.org/TR/xhtml1/DTD/xhtml1-strict.dtd">
<html xmlns="http://www.w3.org/1999/xhtml" xml:lang="zh" lang="zh">
<head>
  <title>LT_Test_LongTeng - test</title>
  <meta http-equiv="Content-Type" content="text/html; charset=utf-8" />
  <meta name="description" content="自动化测试报告." />
  <link href="reportng.css" rel="stylesheet" type="text/css" />
    <script type="text/javascript" src="reportng.js"></script>
</head>
<!-- 模板 -->
<body>
<h1>test</h1>
<div class="totaltime">
  测试集总共消耗时间: 117.059s
</div>


  <table class="resultsTable failedTable">
    <tr><th colspan="3" class="header failed">失败的测试列表：</th></tr>
          <tr>
        <td colspan="3" class="group">com.longteng.selenium.testcase.AllCreditCase</td>
      </tr>
            <!-- 模板 -->
<tr>
  <td class="method">
                  addCreditCase
    	<!--<font class="threadname"> (main)</font>-->
   <font class="threadname">
      ()
      </font>
  </td>
  <td class="duration">
    30.095s
  </td>
  <td class="result">
        
          <i>测试参数: </i><span class="arguments">"200000"</span><br />
    <!--
            <div class="testOutput">
                        [LongTeng 2016-08-21 10:23:02] 点击菜单<br />
                                [LongTeng 2016-08-21 10:23:32] =======================================================<br />
                                [LongTeng 2016-08-21 10:23:32] 测试方法 【addCreditCase】 执行失败<br />
                                [LongTeng 2016-08-21 10:23:32] 请参考：<a href="../screenshot/addCreditCase_1471746212241.jpg" style="color:red;">addCreditCase_1471746212241.jpg</font></a><br />
                                [LongTeng 2016-08-21 10:23:32] 失败原因为：Unable to locate frame: 0<br/>
Command duration or timeout: 30.09 seconds<br/>
Build info: version: '2.53.1', revision: 'a36b8b1cd5757287168e54b817830adce9b0158d', time: '2016-06-30 19:26:09'<br/>
System info: host: 'DESKTOP-GGHCMV6', ip: '192.168.212.2', os.name: 'Windows 8.1', os.arch: 'amd64', os.version: '6.3', java.version: '1.7.0_80'<br/>
Session ID: 6d5d4f55-11f5-480e-9ddb-63b71d4254cb<br/>
Driver info: org.openqa.selenium.firefox.FirefoxDriver<br/>
Capabilities [{platform=WINDOWS, acceptSslCerts=true, javascriptEnabled=true, cssSelectorsEnabled=true, databaseEnabled=true, browserName=firefox, handlesAlerts=true, nativeEvents=false, webStorageEnabled=true, rotatable=false, locationContextEnabled=true, applicationCacheEnabled=true, takesScreenshot=true, version=43.0.1}]<br />
                                [LongTeng 2016-08-21 10:23:32] =======================================================<br />
                  </div>
    -->

        <a href="javascript:toggleElement('exception-0', 'block')" title="点击（展开/关闭）错误详情"><b>org.openqa.selenium.NoSuchFrameException: Unable to locate frame: 0<br/>
Command duration or timeout: 30.09 seconds<br/>
Build info: version: '2.53.1', revision: 'a36b8b1cd5757287168e54b817830adce9b0158d', time: '2016-06-30 19:26:09'<br/>
System info: host: 'DESKTOP-GGHCMV6', ip: '192.168.212.2', os.name: 'Windows 8.1', os.arch: 'amd64', os.version: '6.3', java.version: '1.7.0_80'<br/>
Session ID: 6d5d4f55-11f5-480e-9ddb-63b71d4254cb<br/>
Driver info: org.openqa.selenium.firefox.FirefoxDriver<br/>
Capabilities [{platform=WINDOWS, acceptSslCerts=true, javascriptEnabled=true, cssSelectorsEnabled=true, databaseEnabled=true, browserName=firefox, handlesAlerts=true, nativeEvents=false, webStorageEnabled=true, rotatable=false, locationContextEnabled=true, applicationCacheEnabled=true, takesScreenshot=true, version=43.0.1}]</b></a><br />
    <div class="stackTrace" id="exception-0">
              sun.reflect.NativeConstructorAccessorImpl.newInstance0(Native Method)<br />
              sun.reflect.NativeConstructorAccessorImpl.newInstance(Unknown Source)<br />
              sun.reflect.DelegatingConstructorAccessorImpl.newInstance(Unknown Source)<br />
              java.lang.reflect.Constructor.newInstance(Unknown Source)<br />
              org.openqa.selenium.remote.ErrorHandler.createThrowable(ErrorHandler.java:206)<br />
              org.openqa.selenium.remote.ErrorHandler.throwIfResponseFailed(ErrorHandler.java:158)<br />
              org.openqa.selenium.remote.RemoteWebDriver.execute(RemoteWebDriver.java:678)<br />
              org.openqa.selenium.remote.RemoteWebDriver$RemoteTargetLocator.frame(RemoteWebDriver.java:984)<br />
              org.openqa.selenium.support.events.EventFiringWebDriver$EventFiringTargetLocator.frame(EventFiringWebDriver.java:587)<br />
              com.longteng.selenium.page.AllCreditPage.menuClick(AllCreditPage.java:101)<br />
              com.longteng.selenium.testcase.AllCreditCase.addCreditCase(AllCreditCase.java:21)<br />
              sun.reflect.NativeMethodAccessorImpl.invoke0(Native Method)<br />
              sun.reflect.NativeMethodAccessorImpl.invoke(Unknown Source)<br />
              sun.reflect.DelegatingMethodAccessorImpl.invoke(Unknown Source)<br />
              java.lang.reflect.Method.invoke(Unknown Source)<br />
              org.testng.internal.MethodInvocationHelper.invokeMethod(MethodInvocationHelper.java:85)<br />
              org.testng.internal.Invoker.invokeMethod(Invoker.java:696)<br />
              org.testng.internal.Invoker.invokeTestMethod(Invoker.java:882)<br />
              org.testng.internal.Invoker.invokeTestMethods(Invoker.java:1189)<br />
              org.testng.internal.TestMethodWorker.invokeTestMethods(TestMethodWorker.java:124)<br />
              org.testng.internal.TestMethodWorker.run(TestMethodWorker.java:108)<br />
              org.testng.TestRunner.privateRun(TestRunner.java:767)<br />
              org.testng.TestRunner.run(TestRunner.java:617)<br />
              org.testng.SuiteRunner.runTest(SuiteRunner.java:348)<br />
              org.testng.SuiteRunner.runSequentially(SuiteRunner.java:343)<br />
              org.testng.SuiteRunner.privateRun(SuiteRunner.java:305)<br />
              org.testng.SuiteRunner.run(SuiteRunner.java:254)<br />
              org.testng.SuiteRunnerWorker.runSuite(SuiteRunnerWorker.java:52)<br />
              org.testng.SuiteRunnerWorker.run(SuiteRunnerWorker.java:86)<br />
              org.testng.TestNG.runSuitesSequentially(TestNG.java:1224)<br />
              org.testng.TestNG.runSuitesLocally(TestNG.java:1149)<br />
              org.testng.TestNG.run(TestNG.java:1057)<br />
              org.testng.remote.AbstractRemoteTestNG.run(AbstractRemoteTestNG.java:126)<br />
              org.testng.remote.RemoteTestNG.initAndRun(RemoteTestNG.java:137)<br />
              org.testng.remote.RemoteTestNG.main(RemoteTestNG.java:58)<br />
                    <b>Caused by: </b> <a href="javascript:toggleElement('exception-1', 'block')" title="Click to expand/collapse">org.openqa.selenium.NoSuchFrameException: Unable to locate frame: 0<br/>
Build info: version: '2.53.1', revision: 'a36b8b1cd5757287168e54b817830adce9b0158d', time: '2016-06-30 19:26:09'<br/>
System info: host: 'DESKTOP-GGHCMV6', ip: '192.168.212.2', os.name: 'Windows 8.1', os.arch: 'amd64', os.version: '6.3', java.version: '1.7.0_80'<br/>
Driver info: driver.version: unknown</a><br />
        <div class="stackTrace" id="exception-1">
                      <anonymous class>.FirefoxDriver.prototype.switchToFrame(file:///C:/Users/LIYING~1/AppData/Local/Temp/anonymous956761706553733708webdriver-profile/extensions/fxdriver@googlecode.com/components/driver-component.js:10840)<br />
                      <anonymous class>.DelayedCommand.prototype.executeInternal_/h(file:///C:/Users/LIYING~1/AppData/Local/Temp/anonymous956761706553733708webdriver-profile/extensions/fxdriver@googlecode.com/components/command-processor.js:12661)<br />
                      <anonymous class>.fxdriver.Timer.prototype.setTimeout/<.notify(file:///C:/Users/LIYING~1/AppData/Local/Temp/anonymous956761706553733708webdriver-profile/extensions/fxdriver@googlecode.com/components/command-processor.js:625)<br />
                  </div>
          </div>
      </td>
</tr>
<tr>
  <td class="method">
                  addCreditCase
    	<!--<font class="threadname"> (main)</font>-->
   <font class="threadname">
      ()
      </font>
  </td>
  <td class="duration">
    32.821s
  </td>
  <td class="result">
        
          <i>测试参数: </i><span class="arguments">"10000"</span><br />
    <!--
            <div class="testOutput">
                        [LongTeng 2016-08-21 10:22:29] 点击菜单<br />
                                [LongTeng 2016-08-21 10:23:01] =======================================================<br />
                                [LongTeng 2016-08-21 10:23:01] 测试方法 【addCreditCase】 执行失败<br />
                                [LongTeng 2016-08-21 10:23:02] 请参考：<a href="../screenshot/addCreditCase_1471746181944.jpg" style="color:red;">addCreditCase_1471746181944.jpg</font></a><br />
                                [LongTeng 2016-08-21 10:23:02] 失败原因为：Unable to locate element: {"method":"link text","selector":"借贷管理"}<br/>
Command duration or timeout: 30.45 seconds<br/>
For documentation on this error, please visit: http://seleniumhq.org/exceptions/no_such_element.html<br/>
Build info: version: '2.53.1', revision: 'a36b8b1cd5757287168e54b817830adce9b0158d', time: '2016-06-30 19:26:09'<br/>
System info: host: 'DESKTOP-GGHCMV6', ip: '192.168.212.2', os.name: 'Windows 8.1', os.arch: 'amd64', os.version: '6.3', java.version: '1.7.0_80'<br/>
*** Element info: {Using=link text, value=借贷管理}<br/>
Session ID: 6d5d4f55-11f5-480e-9ddb-63b71d4254cb<br/>
Driver info: org.openqa.selenium.firefox.FirefoxDriver<br/>
Capabilities [{platform=WINDOWS, acceptSslCerts=true, javascriptEnabled=true, cssSelectorsEnabled=true, databaseEnabled=true, browserName=firefox, handlesAlerts=true, nativeEvents=false, webStorageEnabled=true, rotatable=false, locationContextEnabled=true, applicationCacheEnabled=true, takesScreenshot=true, version=43.0.1}]<br />
                                [LongTeng 2016-08-21 10:23:02] =======================================================<br />
                  </div>
    -->

        <a href="javascript:toggleElement('exception-2', 'block')" title="点击（展开/关闭）错误详情"><b>org.openqa.selenium.NoSuchElementException: Unable to locate element: {"method":"link text","selector":"借贷管理"}<br/>
Command duration or timeout: 30.45 seconds<br/>
For documentation on this error, please visit: http://seleniumhq.org/exceptions/no_such_element.html<br/>
Build info: version: '2.53.1', revision: 'a36b8b1cd5757287168e54b817830adce9b0158d', time: '2016-06-30 19:26:09'<br/>
System info: host: 'DESKTOP-GGHCMV6', ip: '192.168.212.2', os.name: 'Windows 8.1', os.arch: 'amd64', os.version: '6.3', java.version: '1.7.0_80'<br/>
*** Element info: {Using=link text, value=借贷管理}<br/>
Session ID: 6d5d4f55-11f5-480e-9ddb-63b71d4254cb<br/>
Driver info: org.openqa.selenium.firefox.FirefoxDriver<br/>
Capabilities [{platform=WINDOWS, acceptSslCerts=true, javascriptEnabled=true, cssSelectorsEnabled=true, databaseEnabled=true, browserName=firefox, handlesAlerts=true, nativeEvents=false, webStorageEnabled=true, rotatable=false, locationContextEnabled=true, applicationCacheEnabled=true, takesScreenshot=true, version=43.0.1}]</b></a><br />
    <div class="stackTrace" id="exception-2">
              sun.reflect.NativeConstructorAccessorImpl.newInstance0(Native Method)<br />
              sun.reflect.NativeConstructorAccessorImpl.newInstance(Unknown Source)<br />
              sun.reflect.DelegatingConstructorAccessorImpl.newInstance(Unknown Source)<br />
              java.lang.reflect.Constructor.newInstance(Unknown Source)<br />
              org.openqa.selenium.remote.ErrorHandler.createThrowable(ErrorHandler.java:206)<br />
              org.openqa.selenium.remote.ErrorHandler.throwIfResponseFailed(ErrorHandler.java:158)<br />
              org.openqa.selenium.remote.RemoteWebDriver.execute(RemoteWebDriver.java:678)<br />
              org.openqa.selenium.remote.RemoteWebDriver.findElement(RemoteWebDriver.java:363)<br />
              org.openqa.selenium.remote.RemoteWebDriver.findElementByLinkText(RemoteWebDriver.java:428)<br />
              org.openqa.selenium.By$ByLinkText.findElement(By.java:246)<br />
              org.openqa.selenium.remote.RemoteWebDriver.findElement(RemoteWebDriver.java:355)<br />
              sun.reflect.NativeMethodAccessorImpl.invoke0(Native Method)<br />
              sun.reflect.NativeMethodAccessorImpl.invoke(Unknown Source)<br />
              sun.reflect.DelegatingMethodAccessorImpl.invoke(Unknown Source)<br />
              java.lang.reflect.Method.invoke(Unknown Source)<br />
              org.openqa.selenium.support.events.EventFiringWebDriver$2.invoke(EventFiringWebDriver.java:103)<br />
              com.sun.proxy.$Proxy10.findElement(Unknown Source)<br />
              org.openqa.selenium.support.events.EventFiringWebDriver.findElement(EventFiringWebDriver.java:188)<br />
              org.openqa.selenium.support.pagefactory.DefaultElementLocator.findElement(DefaultElementLocator.java:69)<br />
              org.openqa.selenium.support.pagefactory.internal.LocatingElementHandler.invoke(LocatingElementHandler.java:38)<br />
              com.sun.proxy.$Proxy12.click(Unknown Source)<br />
              com.longteng.selenium.page.AllCreditPage.menuClick(AllCreditPage.java:102)<br />
              com.longteng.selenium.testcase.AllCreditCase.addCreditCase(AllCreditCase.java:21)<br />
              sun.reflect.NativeMethodAccessorImpl.invoke0(Native Method)<br />
              sun.reflect.NativeMethodAccessorImpl.invoke(Unknown Source)<br />
              sun.reflect.DelegatingMethodAccessorImpl.invoke(Unknown Source)<br />
              java.lang.reflect.Method.invoke(Unknown Source)<br />
              org.testng.internal.MethodInvocationHelper.invokeMethod(MethodInvocationHelper.java:85)<br />
              org.testng.internal.Invoker.invokeMethod(Invoker.java:696)<br />
              org.testng.internal.Invoker.invokeTestMethod(Invoker.java:882)<br />
              org.testng.internal.Invoker.invokeTestMethods(Invoker.java:1189)<br />
              org.testng.internal.TestMethodWorker.invokeTestMethods(TestMethodWorker.java:124)<br />
              org.testng.internal.TestMethodWorker.run(TestMethodWorker.java:108)<br />
              org.testng.TestRunner.privateRun(TestRunner.java:767)<br />
              org.testng.TestRunner.run(TestRunner.java:617)<br />
              org.testng.SuiteRunner.runTest(SuiteRunner.java:348)<br />
              org.testng.SuiteRunner.runSequentially(SuiteRunner.java:343)<br />
              org.testng.SuiteRunner.privateRun(SuiteRunner.java:305)<br />
              org.testng.SuiteRunner.run(SuiteRunner.java:254)<br />
              org.testng.SuiteRunnerWorker.runSuite(SuiteRunnerWorker.java:52)<br />
              org.testng.SuiteRunnerWorker.run(SuiteRunnerWorker.java:86)<br />
              org.testng.TestNG.runSuitesSequentially(TestNG.java:1224)<br />
              org.testng.TestNG.runSuitesLocally(TestNG.java:1149)<br />
              org.testng.TestNG.run(TestNG.java:1057)<br />
              org.testng.remote.AbstractRemoteTestNG.run(AbstractRemoteTestNG.java:126)<br />
              org.testng.remote.RemoteTestNG.initAndRun(RemoteTestNG.java:137)<br />
              org.testng.remote.RemoteTestNG.main(RemoteTestNG.java:58)<br />
                    <b>Caused by: </b> <a href="javascript:toggleElement('exception-3', 'block')" title="Click to expand/collapse">org.openqa.selenium.NoSuchElementException: Unable to locate element: {"method":"link text","selector":"借贷管理"}<br/>
For documentation on this error, please visit: http://seleniumhq.org/exceptions/no_such_element.html<br/>
Build info: version: '2.53.1', revision: 'a36b8b1cd5757287168e54b817830adce9b0158d', time: '2016-06-30 19:26:09'<br/>
System info: host: 'DESKTOP-GGHCMV6', ip: '192.168.212.2', os.name: 'Windows 8.1', os.arch: 'amd64', os.version: '6.3', java.version: '1.7.0_80'<br/>
Driver info: driver.version: unknown</a><br />
        <div class="stackTrace" id="exception-3">
                      <anonymous class>.FirefoxDriver.prototype.findElementInternal_(file:///C:/Users/LIYING~1/AppData/Local/Temp/anonymous956761706553733708webdriver-profile/extensions/fxdriver@googlecode.com/components/driver-component.js:10770)<br />
                      <anonymous class>.fxdriver.Timer.prototype.setTimeout/<.notify(file:///C:/Users/LIYING~1/AppData/Local/Temp/anonymous956761706553733708webdriver-profile/extensions/fxdriver@googlecode.com/components/driver-component.js:625)<br />
                  </div>
          </div>
      </td>
</tr>
<tr>
  <td class="method">
                  addCreditCase
    	<!--<font class="threadname"> (main)</font>-->
   <font class="threadname">
      ()
      </font>
  </td>
  <td class="duration">
    30.092s
  </td>
  <td class="result">
        
          <i>测试参数: </i><span class="arguments">"12782.5"</span><br />
    <!--
            <div class="testOutput">
                        [LongTeng 2016-08-21 10:23:32] 点击菜单<br />
                                [LongTeng 2016-08-21 10:24:02] =======================================================<br />
                                [LongTeng 2016-08-21 10:24:02] 测试方法 【addCreditCase】 执行失败<br />
                                [LongTeng 2016-08-21 10:24:02] 请参考：<a href="../screenshot/addCreditCase_1471746242480.jpg" style="color:red;">addCreditCase_1471746242480.jpg</font></a><br />
                                [LongTeng 2016-08-21 10:24:02] 失败原因为：Unable to locate frame: 0<br/>
Command duration or timeout: 30.09 seconds<br/>
Build info: version: '2.53.1', revision: 'a36b8b1cd5757287168e54b817830adce9b0158d', time: '2016-06-30 19:26:09'<br/>
System info: host: 'DESKTOP-GGHCMV6', ip: '192.168.212.2', os.name: 'Windows 8.1', os.arch: 'amd64', os.version: '6.3', java.version: '1.7.0_80'<br/>
Session ID: 6d5d4f55-11f5-480e-9ddb-63b71d4254cb<br/>
Driver info: org.openqa.selenium.firefox.FirefoxDriver<br/>
Capabilities [{platform=WINDOWS, acceptSslCerts=true, javascriptEnabled=true, cssSelectorsEnabled=true, databaseEnabled=true, browserName=firefox, handlesAlerts=true, nativeEvents=false, webStorageEnabled=true, rotatable=false, locationContextEnabled=true, applicationCacheEnabled=true, takesScreenshot=true, version=43.0.1}]<br />
                                [LongTeng 2016-08-21 10:24:02] =======================================================<br />
                  </div>
    -->

        <a href="javascript:toggleElement('exception-4', 'block')" title="点击（展开/关闭）错误详情"><b>org.openqa.selenium.NoSuchFrameException: Unable to locate frame: 0<br/>
Command duration or timeout: 30.09 seconds<br/>
Build info: version: '2.53.1', revision: 'a36b8b1cd5757287168e54b817830adce9b0158d', time: '2016-06-30 19:26:09'<br/>
System info: host: 'DESKTOP-GGHCMV6', ip: '192.168.212.2', os.name: 'Windows 8.1', os.arch: 'amd64', os.version: '6.3', java.version: '1.7.0_80'<br/>
Session ID: 6d5d4f55-11f5-480e-9ddb-63b71d4254cb<br/>
Driver info: org.openqa.selenium.firefox.FirefoxDriver<br/>
Capabilities [{platform=WINDOWS, acceptSslCerts=true, javascriptEnabled=true, cssSelectorsEnabled=true, databaseEnabled=true, browserName=firefox, handlesAlerts=true, nativeEvents=false, webStorageEnabled=true, rotatable=false, locationContextEnabled=true, applicationCacheEnabled=true, takesScreenshot=true, version=43.0.1}]</b></a><br />
    <div class="stackTrace" id="exception-4">
              sun.reflect.NativeConstructorAccessorImpl.newInstance0(Native Method)<br />
              sun.reflect.NativeConstructorAccessorImpl.newInstance(Unknown Source)<br />
              sun.reflect.DelegatingConstructorAccessorImpl.newInstance(Unknown Source)<br />
              java.lang.reflect.Constructor.newInstance(Unknown Source)<br />
              org.openqa.selenium.remote.ErrorHandler.createThrowable(ErrorHandler.java:206)<br />
              org.openqa.selenium.remote.ErrorHandler.throwIfResponseFailed(ErrorHandler.java:158)<br />
              org.openqa.selenium.remote.RemoteWebDriver.execute(RemoteWebDriver.java:678)<br />
              org.openqa.selenium.remote.RemoteWebDriver$RemoteTargetLocator.frame(RemoteWebDriver.java:984)<br />
              org.openqa.selenium.support.events.EventFiringWebDriver$EventFiringTargetLocator.frame(EventFiringWebDriver.java:587)<br />
              com.longteng.selenium.page.AllCreditPage.menuClick(AllCreditPage.java:101)<br />
              com.longteng.selenium.testcase.AllCreditCase.addCreditCase(AllCreditCase.java:21)<br />
              sun.reflect.NativeMethodAccessorImpl.invoke0(Native Method)<br />
              sun.reflect.NativeMethodAccessorImpl.invoke(Unknown Source)<br />
              sun.reflect.DelegatingMethodAccessorImpl.invoke(Unknown Source)<br />
              java.lang.reflect.Method.invoke(Unknown Source)<br />
              org.testng.internal.MethodInvocationHelper.invokeMethod(MethodInvocationHelper.java:85)<br />
              org.testng.internal.Invoker.invokeMethod(Invoker.java:696)<br />
              org.testng.internal.Invoker.invokeTestMethod(Invoker.java:882)<br />
              org.testng.internal.Invoker.invokeTestMethods(Invoker.java:1189)<br />
              org.testng.internal.TestMethodWorker.invokeTestMethods(TestMethodWorker.java:124)<br />
              org.testng.internal.TestMethodWorker.run(TestMethodWorker.java:108)<br />
              org.testng.TestRunner.privateRun(TestRunner.java:767)<br />
              org.testng.TestRunner.run(TestRunner.java:617)<br />
              org.testng.SuiteRunner.runTest(SuiteRunner.java:348)<br />
              org.testng.SuiteRunner.runSequentially(SuiteRunner.java:343)<br />
              org.testng.SuiteRunner.privateRun(SuiteRunner.java:305)<br />
              org.testng.SuiteRunner.run(SuiteRunner.java:254)<br />
              org.testng.SuiteRunnerWorker.runSuite(SuiteRunnerWorker.java:52)<br />
              org.testng.SuiteRunnerWorker.run(SuiteRunnerWorker.java:86)<br />
              org.testng.TestNG.runSuitesSequentially(TestNG.java:1224)<br />
              org.testng.TestNG.runSuitesLocally(TestNG.java:1149)<br />
              org.testng.TestNG.run(TestNG.java:1057)<br />
              org.testng.remote.AbstractRemoteTestNG.run(AbstractRemoteTestNG.java:126)<br />
              org.testng.remote.RemoteTestNG.initAndRun(RemoteTestNG.java:137)<br />
              org.testng.remote.RemoteTestNG.main(RemoteTestNG.java:58)<br />
                    <b>Caused by: </b> <a href="javascript:toggleElement('exception-5', 'block')" title="Click to expand/collapse">org.openqa.selenium.NoSuchFrameException: Unable to locate frame: 0<br/>
Build info: version: '2.53.1', revision: 'a36b8b1cd5757287168e54b817830adce9b0158d', time: '2016-06-30 19:26:09'<br/>
System info: host: 'DESKTOP-GGHCMV6', ip: '192.168.212.2', os.name: 'Windows 8.1', os.arch: 'amd64', os.version: '6.3', java.version: '1.7.0_80'<br/>
Driver info: driver.version: unknown</a><br />
        <div class="stackTrace" id="exception-5">
                      <anonymous class>.FirefoxDriver.prototype.switchToFrame(file:///C:/Users/LIYING~1/AppData/Local/Temp/anonymous956761706553733708webdriver-profile/extensions/fxdriver@googlecode.com/components/driver-component.js:10840)<br />
                      <anonymous class>.DelayedCommand.prototype.executeInternal_/h(file:///C:/Users/LIYING~1/AppData/Local/Temp/anonymous956761706553733708webdriver-profile/extensions/fxdriver@googlecode.com/components/command-processor.js:12661)<br />
                      <anonymous class>.fxdriver.Timer.prototype.setTimeout/<.notify(file:///C:/Users/LIYING~1/AppData/Local/Temp/anonymous956761706553733708webdriver-profile/extensions/fxdriver@googlecode.com/components/command-processor.js:625)<br />
                  </div>
          </div>
      </td>
</tr>
      </table>


  <table class="resultsTable passTable">
    <tr><th colspan="3" class="header passed">通过的测试列表：</th></tr>
          <tr>
        <td colspan="3" class="group">com.longteng.selenium.testcase.P2pLoginCase</td>
      </tr>
            <!-- 模板 -->
<tr>
  <td class="method">
                  loginCase
    	<!--<font class="threadname"> (main)</font>-->
   <font class="threadname">
      ()
      </font>
  </td>
  <td class="duration">
    6.901s
  </td>
  <td class="result">
        
          <i>测试参数: </i><span class="arguments">"admin", "admin"</span><br />
    <!--
            <div class="testOutput">
                        [LongTeng 2016-08-21 10:24:08] 输入用户名：admin<br />
                                [LongTeng 2016-08-21 10:24:09] 输入密码：admin<br />
                                [LongTeng 2016-08-21 10:24:09] 输入验证码：1111<br />
                                [LongTeng 2016-08-21 10:24:09] 点击登录按钮<br />
                                [LongTeng 2016-08-21 10:24:14] 登录成功！<br />
                                [LongTeng 2016-08-21 10:24:14] =======================================================<br />
                                [LongTeng 2016-08-21 10:24:14] 测试方法 【loginCase】 执行成功！<br />
                                [LongTeng 2016-08-21 10:24:14] =======================================================<br />
                  </div>
    -->

      </td>
</tr>
<tr>
  <td class="method">
                  loginCase
    	<!--<font class="threadname"> (main)</font>-->
   <font class="threadname">
      ()
      </font>
  </td>
  <td class="duration">
    5.691s
  </td>
  <td class="result">
        
          <i>测试参数: </i><span class="arguments">"andawei", "123456"</span><br />
    <!--
            <div class="testOutput">
                        [LongTeng 2016-08-21 10:24:15] 输入用户名：andawei<br />
                                [LongTeng 2016-08-21 10:24:15] 输入密码：123456<br />
                                [LongTeng 2016-08-21 10:24:15] 输入验证码：1111<br />
                                [LongTeng 2016-08-21 10:24:15] 点击登录按钮<br />
                                [LongTeng 2016-08-21 10:24:20] 登录成功！<br />
                                [LongTeng 2016-08-21 10:24:20] =======================================================<br />
                                [LongTeng 2016-08-21 10:24:20] 测试方法 【loginCase】 执行成功！<br />
                                [LongTeng 2016-08-21 10:24:20] =======================================================<br />
                  </div>
    -->

      </td>
</tr>
      </table>

</body>
</html>
